<?xml version="1.0" encoding="UTF-8"?>
<!-- Generated by org.testng.reporters.JUnitXMLReporter -->
<testsuite ignored="0" hostname="SC-CAF-CND84305MY" failures="0" tests="5" name="Default test" time="461.364" errors="0" timestamp="2024-07-03T17:14:45 IST">
  <testcase classname="com.MACU.BUI.ThumbsDownFeedBack" name="testJumpToSection" time="30.605"/>
  <testcase classname="com.MACU.BUI.ThumbsDownFeedBack" name="testFeedbackPage" time="22.831"/>
  <testcase classname="com.MACU.BUI.ThumbsDownFeedBack" name="testMyFeedbackStatus" time="63.965"/>
  <testcase classname="com.MACU.BUI.ThumbsDownFeedBack" name="testNavigateToThumbsDownFeedBackReportFlow" time="202.176"/>
  <testcase classname="com.MACU.BUI.ThumbsDownFeedBack" name="testSelectingandGivingAnswerstoReportFlow" time="105.709"/>
</testsuite> <!-- Default test -->
