<?xml version="1.0" encoding="UTF-8"?>
<!-- Generated by org.testng.reporters.JUnitXMLReporter -->
<testsuite ignored="0" hostname="SC-CAF-CND84305MY" failures="0" tests="3" name="Test" time="158.249" errors="0" timestamp="2024-07-04T12:20:12 IST">
  <testcase classname="com.MACU.BUI.SchedulerJobs" name="testSchedulingReports" time="44.92"/>
  <testcase classname="com.MACU.BUI.ContactView" name="testNavigateToContacts" time="31.394"/>
  <testcase classname="com.MACU.BUI.ContactView" name="testContactView" time="22.953"/>
</testsuite> <!-- Test -->
